2014-03-30 20:49:05.757 HelloWorld[1487:70b] Multi-tasking -> Device: YES, App: YES
2014-03-30 20:49:06.127 HelloWorld[1487:70b] Resetting plugins due to page load.
2014-03-30 20:49:06.240 HelloWorld[1487:70b] Finished load of: file:///Users/youqing/Library/Application%20Support/iPhone%20Simulator/7.1/Applications/8A7CEBD1-5876-4188-9D31-F34EE304640F/HelloWorld.app/www/index.html
Terminating in response to SpringBoard's termination.
2014-03-30 20:53:47.037 HelloWorld[1692:70b] Multi-tasking -> Device: YES, App: YES
2014-03-30 20:53:47.185 HelloWorld[1692:70b] Resetting plugins due to page load.
2014-03-30 20:53:47.241 HelloWorld[1692:70b] Finished load of: file:///Users/youqing/Library/Application%20Support/iPhone%20Simulator/7.1/Applications/8A7CEBD1-5876-4188-9D31-F34EE304640F/HelloWorld.app/www/index.html
2014-03-30 20:54:13.677 HelloWorld[1692:70b] Received memory warning.
2014-03-30 21:52:16.251 HelloWorld[2367:70b] Multi-tasking -> Device: YES, App: YES
2014-03-30 21:52:16.394 HelloWorld[2367:70b] Resetting plugins due to page load.
2014-03-30 21:52:16.513 HelloWorld[2367:70b] Finished load of: file:///Users/youqing/Library/Application%20Support/iPhone%20Simulator/7.1/Applications/8A7CEBD1-5876-4188-9D31-F34EE304640F/HelloWorld.app/www/index.html
2014-03-30 21:52:16.574 HelloWorld[2367:70b] Received Event: deviceready
Terminating in response to SpringBoard's termination.
2014-03-31 09:19:52.210 HelloWorld[1230:70b] Multi-tasking -> Device: YES, App: YES
2014-03-31 09:19:52.681 HelloWorld[1230:70b] Resetting plugins due to page load.
2014-03-31 09:19:55.883 HelloWorld[1230:70b] Finished load of: file:///Users/youqing/Library/Application%20Support/iPhone%20Simulator/7.1/Applications/8A7CEBD1-5876-4188-9D31-F34EE304640F/HelloWorld.app/www/index.html
2014-03-31 09:19:55.905 HelloWorld[1230:70b] Received Event: deviceready
Terminating in response to SpringBoard's termination.
2014-03-31 09:20:39.409 HelloWorld[1566:70b] Multi-tasking -> Device: YES, App: YES
2014-03-31 09:20:39.578 HelloWorld[1566:70b] Resetting plugins due to page load.
2014-03-31 09:20:39.857 HelloWorld[1566:70b] Finished load of: file:///Users/youqing/Library/Application%20Support/iPhone%20Simulator/7.1/Applications/8A7CEBD1-5876-4188-9D31-F34EE304640F/HelloWorld.app/www/index.html
2014-03-31 09:20:39.880 HelloWorld[1566:70b] Received Event: deviceready
2014-03-31 09:49:51.122 HelloWorld[2900:70b] Multi-tasking -> Device: YES, App: YES
2014-03-31 09:49:51.582 HelloWorld[2900:70b] Resetting plugins due to page load.
2014-03-31 09:49:54.459 HelloWorld[2900:70b] Finished load of: file:///Users/youqing/Library/Application%20Support/iPhone%20Simulator/7.1/Applications/8A7CEBD1-5876-4188-9D31-F34EE304640F/HelloWorld.app/www/index.html
2014-03-31 09:50:52.961 HelloWorld[2900:70b] Received memory warning.
2014-03-31 09:52:09.343 HelloWorld[3127:70b] Multi-tasking -> Device: YES, App: YES
2014-03-31 09:52:09.495 HelloWorld[3127:70b] Resetting plugins due to page load.
2014-03-31 09:52:09.924 HelloWorld[3127:70b] Finished load of: file:///Users/youqing/Library/Application%20Support/iPhone%20Simulator/7.1/Applications/8A7CEBD1-5876-4188-9D31-F34EE304640F/HelloWorld.app/www/index.html
2014-03-31 09:53:53.775 HelloWorld[3443:70b] Multi-tasking -> Device: YES, App: YES
2014-03-31 09:53:53.971 HelloWorld[3443:70b] Resetting plugins due to page load.
2014-03-31 09:53:54.263 HelloWorld[3443:70b] Finished load of: file:///Users/youqing/Library/Application%20Support/iPhone%20Simulator/7.1/Applications/8A7CEBD1-5876-4188-9D31-F34EE304640F/HelloWorld.app/www/index.html
2014-03-31 09:53:54.290 HelloWorld[3443:70b] Received Event: deviceready
2014-03-31 09:56:12.273 HelloWorld[3775:70b] Multi-tasking -> Device: YES, App: YES
2014-03-31 09:56:12.445 HelloWorld[3775:70b] Resetting plugins due to page load.
2014-03-31 09:56:14.766 HelloWorld[3775:70b] Finished load of: file:///Users/youqing/Library/Application%20Support/iPhone%20Simulator/7.1/Applications/8A7CEBD1-5876-4188-9D31-F34EE304640F/HelloWorld.app/www/index.html
2014-03-31 09:56:14.793 HelloWorld[3775:70b] Received Event: deviceready
2014-03-31 09:56:14.806 HelloWorld[3775:70b] THREAD WARNING: ['Console'] took '13.247070' ms. Plugin should use a background thread.
2014-03-31 10:00:21.139 HelloWorld[3775:70b] 应用被暂停了
2014-03-31 10:00:23.711 HelloWorld[3775:70b] 应用已经恢复
2014-03-31 10:00:36.342 HelloWorld[3775:70b] 应用被暂停了
2014-03-31 10:00:39.027 HelloWorld[3775:70b] 应用已经恢复
Terminating in response to SpringBoard's termination.
2014-03-31 10:49:11.844 HelloWorld[4165:70b] Multi-tasking -> Device: YES, App: YES
2014-03-31 10:49:12.021 HelloWorld[4165:70b] Resetting plugins due to page load.
2014-03-31 14:41:47.157 HelloWorld[656:70b] Multi-tasking -> Device: YES, App: YES
2014-03-31 14:41:47.571 HelloWorld[656:70b] Resetting plugins due to page load.
2014-03-31 14:41:48.117 HelloWorld[656:70b] Finished load of: file:///Users/youqing/Library/Application%20Support/iPhone%20Simulator/7.1/Applications/8A7CEBD1-5876-4188-9D31-F34EE304640F/HelloWorld.app/www/index.html
2014-03-31 14:41:48.159 HelloWorld[656:70b] Received Event: deviceready
Terminating in response to SpringBoard's termination.
2014-03-31 14:47:48.395 HelloWorld[1019:70b] Multi-tasking -> Device: YES, App: YES
2014-03-31 14:47:48.554 HelloWorld[1019:70b] Resetting plugins due to page load.
2014-03-31 14:51:23.770 HelloWorld[1352:70b] Multi-tasking -> Device: YES, App: YES
2014-03-31 14:51:23.915 HelloWorld[1352:70b] Resetting plugins due to page load.
2014-03-31 14:51:27.650 HelloWorld[1352:70b] Finished load of: file:///Users/youqing/Library/Application%20Support/iPhone%20Simulator/7.1/Applications/8A7CEBD1-5876-4188-9D31-F34EE304640F/HelloWorld.app/www/index.html
2014-03-31 14:51:27.664 HelloWorld[1352:70b] Received Event: deviceready
2014-03-31 18:52:21.336 HelloWorld[992:70b] Multi-tasking -> Device: YES, App: YES
2014-03-31 18:52:21.693 HelloWorld[992:70b] Resetting plugins due to page load.
2014-03-31 18:52:26.483 HelloWorld[992:70b] Finished load of: file:///Users/youqing/Library/Application%20Support/iPhone%20Simulator/7.1/Applications/74E4F3D3-1F92-484C-A47D-B055356E0D9B/HelloWorld.app/www/index.html
2014-03-31 18:52:26.497 HelloWorld[992:70b] Received Event: deviceready
2014-03-31 18:53:05.062 HelloWorld[992:70b] 应用暂停了
2014-03-31 18:53:09.856 HelloWorld[992:70b] 应用恢复了
2014-03-31 18:53:13.583 HelloWorld[992:70b] 应用暂停了
2014-03-31 18:53:40.324 HelloWorld[992:70b] 应用恢复了
2014-03-31 18:53:42.971 HelloWorld[992:70b] 应用暂停了
2014-03-31 18:54:32.878 HelloWorld[1226:70b] Multi-tasking -> Device: YES, App: YES
2014-03-31 18:54:33.147 HelloWorld[1226:70b] Resetting plugins due to page load.
2014-03-31 18:54:34.536 HelloWorld[1226:70b] Finished load of: file:///Users/youqing/Library/Application%20Support/iPhone%20Simulator/7.1/Applications/645E6E64-1AE5-4055-87E9-516FCF47B788/HelloWorld.app/www/index.html
2014-03-31 18:54:34.647 HelloWorld[1226:70b] Received Event: deviceready
2014-03-31 19:21:31.486 HelloWorld[1658:70b] Multi-tasking -> Device: YES, App: YES
2014-03-31 19:21:31.644 HelloWorld[1658:70b] Resetting plugins due to page load.
2014-03-31 19:21:34.275 HelloWorld[1658:70b] Finished load of: file:///Users/youqing/Library/Application%20Support/iPhone%20Simulator/7.1/Applications/645E6E64-1AE5-4055-87E9-516FCF47B788/HelloWorld.app/www/index.html
2014-03-31 19:23:42.172 HelloWorld[1991:70b] Multi-tasking -> Device: YES, App: YES
2014-03-31 19:23:42.324 HelloWorld[1991:70b] Resetting plugins due to page load.
2014-03-31 19:23:43.116 HelloWorld[1991:70b] Finished load of: file:///Users/youqing/Library/Application%20Support/iPhone%20Simulator/7.1/Applications/645E6E64-1AE5-4055-87E9-516FCF47B788/HelloWorld.app/www/index.html
2014-03-31 19:23:43.157 HelloWorld[1991:70b] Received Event: deviceready
Terminating in response to SpringBoard's termination.
2014-03-31 19:26:27.535 HelloWorld[2329:70b] Multi-tasking -> Device: YES, App: YES
2014-03-31 19:26:27.691 HelloWorld[2329:70b] Resetting plugins due to page load.
2014-03-31 19:26:28.682 HelloWorld[2329:70b] Finished load of: file:///Users/youqing/Library/Application%20Support/iPhone%20Simulator/7.1/Applications/645E6E64-1AE5-4055-87E9-516FCF47B788/HelloWorld.app/www/index.html
2014-03-31 19:26:28.698 HelloWorld[2329:70b] Received Event: deviceready
2014-03-31 19:27:56.065 HelloWorld[2329:70b] Received memory warning.
2014-03-31 19:32:53.339 HelloWorld[2720:70b] Multi-tasking -> Device: YES, App: YES
2014-03-31 19:32:53.514 HelloWorld[2720:70b] Resetting plugins due to page load.
2014-03-31 19:32:53.804 HelloWorld[2720:70b] Finished load of: file:///Users/youqing/Library/Application%20Support/iPhone%20Simulator/7.1/Applications/645E6E64-1AE5-4055-87E9-516FCF47B788/HelloWorld.app/www/index.html
2014-03-31 19:32:53.830 HelloWorld[2720:70b] Received Event: deviceready
Terminating in response to SpringBoard's termination.
2014-03-31 19:34:55.945 HelloWorld[3054:70b] Multi-tasking -> Device: YES, App: YES
2014-03-31 19:34:56.160 HelloWorld[3054:70b] Resetting plugins due to page load.
2014-03-31 19:34:57.626 HelloWorld[3054:70b] Finished load of: file:///Users/youqing/Library/Application%20Support/iPhone%20Simulator/7.1/Applications/645E6E64-1AE5-4055-87E9-516FCF47B788/HelloWorld.app/www/index.html
2014-03-31 19:34:57.644 HelloWorld[3054:70b] Received Event: deviceready
2014-03-31 19:47:26.665 HelloWorld[3441:70b] Multi-tasking -> Device: YES, App: YES
2014-03-31 19:47:26.814 HelloWorld[3441:70b] Resetting plugins due to page load.
2014-03-31 19:47:35.560 HelloWorld[3441:70b] Finished load of: file:///Users/youqing/Library/Application%20Support/iPhone%20Simulator/7.1/Applications/645E6E64-1AE5-4055-87E9-516FCF47B788/HelloWorld.app/www/index.html
2014-03-31 19:47:35.598 HelloWorld[3441:70b] deviceready has not fired after 5 seconds.
2014-03-31 19:47:35.599 HelloWorld[3441:70b] Channel not fired: onDOMContentLoaded
2014-03-31 19:47:35.600 HelloWorld[3441:70b] Received Event: deviceready
2014-03-31 19:47:42.823 HelloWorld[3441:70b] THREAD WARNING: ['Notification'] took '100.686035' ms. Plugin should use a background thread.
2014-03-31 19:47:54.117 HelloWorld[3441:70b] THREAD WARNING: ['Notification'] took '39.028076' ms. Plugin should use a background thread.
2014-03-31 19:50:23.699 HelloWorld[3441:70b] THREAD WARNING: ['Notification'] took '31.535156' ms. Plugin should use a background thread.
Terminating in response to SpringBoard's termination.
2014-03-31 20:02:13.603 HelloWorld[3802:70b] Multi-tasking -> Device: YES, App: YES
2014-03-31 20:02:13.687 HelloWorld[3802:70b] Resetting plugins due to page load.
2014-03-31 20:02:14.691 HelloWorld[3802:70b] Finished load of: file:///Users/youqing/Library/Application%20Support/iPhone%20Simulator/7.1/Applications/645E6E64-1AE5-4055-87E9-516FCF47B788/HelloWorld.app/www/index.html
2014-03-31 20:02:14.741 HelloWorld[3802:70b] THREAD WARNING: ['Notification'] took '32.318115' ms. Plugin should use a background thread.
2014-03-31 20:02:14.773 HelloWorld[3802:70b] Received Event: deviceready
2014-03-31 20:02:22.703 HelloWorld[3802:70b] THREAD WARNING: ['Notification'] took '59.782959' ms. Plugin should use a background thread.
2014-03-31 20:02:28.720 HelloWorld[3802:70b] THREAD WARNING: ['Notification'] took '84.595947' ms. Plugin should use a background thread.
2014-03-31 20:02:36.083 HelloWorld[3802:70b] THREAD WARNING: ['Notification'] took '33.788818' ms. Plugin should use a background thread.
2014-03-31 20:03:00.819 HelloWorld[4004:70b] Multi-tasking -> Device: YES, App: YES
2014-03-31 20:03:00.978 HelloWorld[4004:70b] Resetting plugins due to page load.
2014-03-31 20:03:30.529 HelloWorld[4004:70b] Finished load of: file:///Users/youqing/Library/Application%20Support/iPhone%20Simulator/7.1/Applications/645E6E64-1AE5-4055-87E9-516FCF47B788/HelloWorld.app/www/index.html
2014-03-31 20:03:30.574 HelloWorld[4004:70b] THREAD WARNING: ['Notification'] took '30.333008' ms. Plugin should use a background thread.
2014-03-31 20:03:30.618 HelloWorld[4004:70b] deviceready has not fired after 5 seconds.
2014-03-31 20:03:30.618 HelloWorld[4004:70b] Channel not fired: onDOMContentLoaded
2014-03-31 20:03:30.618 HelloWorld[4004:70b] Received Event: deviceready
2014-03-31 20:03:43.270 HelloWorld[4004:70b] THREAD WARNING: ['Notification'] took '38.062012' ms. Plugin should use a background thread.
Terminating in response to SpringBoard's termination.
2014-04-02 23:32:50.314 HelloWorld[3560:70b] Multi-tasking -> Device: YES, App: YES
2014-04-02 23:32:50.400 HelloWorld[3560:70b] Resetting plugins due to page load.
2014-04-02 23:32:50.802 HelloWorld[3560:70b] Finished load of: file:///Users/youqing/Library/Application%20Support/iPhone%20Simulator/7.1/Applications/F3989D85-A952-45C7-B3DC-9D73F05D917E/HelloWorld.app/www/index.html
2014-04-02 23:32:50.884 HelloWorld[3560:70b] THREAD WARNING: ['Notification'] took '47.900146' ms. Plugin should use a background thread.
2014-04-02 23:32:50.935 HelloWorld[3560:70b] Received Event: deviceready
2014-04-07 12:36:47.841 HelloWorld[1081:70b] Multi-tasking -> Device: YES, App: YES
2014-04-07 12:36:48.217 HelloWorld[1081:70b] Resetting plugins due to page load.
2014-04-07 12:36:50.747 HelloWorld[1081:70b] Finished load of: file:///Users/youqing/Library/Application%20Support/iPhone%20Simulator/7.1/Applications/F3989D85-A952-45C7-B3DC-9D73F05D917E/HelloWorld.app/www/index.html
2014-04-07 12:36:50.769 HelloWorld[1081:70b] Received Event: deviceready
2014-04-07 12:36:55.280 HelloWorld[1081:70b] 纬度： 37.785834
经度： -122.406417
2014-04-07 12:38:18.751 HelloWorld[1628:70b] Multi-tasking -> Device: YES, App: YES
2014-04-07 12:38:18.897 HelloWorld[1628:70b] Resetting plugins due to page load.
2014-04-07 12:38:19.609 HelloWorld[1628:70b] Finished load of: file:///Users/youqing/Library/Application%20Support/iPhone%20Simulator/7.1/Applications/896E99A8-E51D-4E46-B70F-0D57267B5F93/HelloWorld.app/www/index.html
2014-04-07 12:38:19.628 HelloWorld[1628:70b] Received Event: deviceready
Terminating in response to SpringBoard's termination.
2014-04-07 12:56:44.945 HelloWorld[946:70b] Multi-tasking -> Device: YES, App: YES
2014-04-07 12:56:45.485 HelloWorld[946:70b] Resetting plugins due to page load.
2014-04-07 12:56:45.739 HelloWorld[946:70b] Finished load of: file:///Users/youqing/Library/Application%20Support/iPhone%20Simulator/7.1/Applications/896E99A8-E51D-4E46-B70F-0D57267B5F93/HelloWorld.app/www/index.html
2014-04-07 12:56:45.767 HelloWorld[946:70b] Received Event: deviceready
2014-04-07 12:57:25.860 HelloWorld[1269:70b] Multi-tasking -> Device: YES, App: YES
2014-04-07 12:57:25.972 HelloWorld[1269:70b] Resetting plugins due to page load.
2014-04-07 12:57:26.138 HelloWorld[1269:70b] Finished load of: file:///Users/youqing/Library/Application%20Support/iPhone%20Simulator/7.1/Applications/109938F4-D97D-4790-B881-584B6CD225A8/HelloWorld.app/www/index.html
2014-04-07 12:57:26.161 HelloWorld[1269:70b] Received Event: deviceready
2014-04-07 12:57:29.661 HelloWorld[1269:70b] locationManager::didFailWithError (null)
Terminating in response to SpringBoard's termination.
2014-04-07 12:59:20.653 HelloWorld[1761:70b] Multi-tasking -> Device: YES, App: YES
2014-04-07 12:59:20.801 HelloWorld[1761:70b] Resetting plugins due to page load.
2014-04-07 12:59:21.004 HelloWorld[1761:70b] Finished load of: file:///Users/youqing/Library/Application%20Support/iPhone%20Simulator/7.1/Applications/109938F4-D97D-4790-B881-584B6CD225A8/HelloWorld.app/www/index.html
2014-04-07 12:59:21.041 HelloWorld[1761:70b] Received Event: deviceready
2014-04-07 13:00:18.662 HelloWorld[2108:70b] Multi-tasking -> Device: YES, App: YES
2014-04-07 13:00:18.756 HelloWorld[2108:70b] Resetting plugins due to page load.
2014-04-07 13:00:18.978 HelloWorld[2108:70b] Finished load of: file:///Users/youqing/Library/Application%20Support/iPhone%20Simulator/7.1/Applications/109938F4-D97D-4790-B881-584B6CD225A8/HelloWorld.app/www/index.html
2014-04-07 13:00:19.031 HelloWorld[2108:70b] Received Event: deviceready
2014-04-07 13:01:26.747 HelloWorld[2571:70b] Multi-tasking -> Device: YES, App: YES
2014-04-07 13:01:26.859 HelloWorld[2571:70b] Resetting plugins due to page load.
2014-04-07 13:01:27.020 HelloWorld[2571:70b] Finished load of: file:///Users/youqing/Library/Application%20Support/iPhone%20Simulator/7.1/Applications/3CDE230B-8D7C-4D8B-A5B5-ECA3113799D0/HelloWorld.app/www/index.html
2014-04-07 13:01:27.043 HelloWorld[2571:70b] Received Event: deviceready
2014-04-07 13:01:32.942 HelloWorld[2571:70b] locationManager::didFailWithError (null)
2014-04-07 13:03:37.439 HelloWorld[3038:70b] Multi-tasking -> Device: YES, App: YES
2014-04-07 13:03:37.547 HelloWorld[3038:70b] Resetting plugins due to page load.
2014-04-07 13:03:38.120 HelloWorld[3038:70b] Finished load of: file:///Users/youqing/Library/Application%20Support/iPhone%20Simulator/7.1/Applications/8AF3EAEF-7809-46A9-8299-001B29771E7B/HelloWorld.app/www/index.html
2014-04-07 13:03:38.148 HelloWorld[3038:70b] Received Event: deviceready
2014-04-07 13:03:40.121 HelloWorld[3038:70b] locationManager::didFailWithError (null)
Terminating in response to SpringBoard's termination.
2014-04-07 13:20:55.917 HelloWorld[3599:70b] Multi-tasking -> Device: YES, App: YES
2014-04-07 13:20:56.000 HelloWorld[3599:70b] Resetting plugins due to page load.
2014-04-07 13:21:08.163 HelloWorld[3599:70b] Finished load of: file:///Users/youqing/Library/Application%20Support/iPhone%20Simulator/7.1/Applications/8AF3EAEF-7809-46A9-8299-001B29771E7B/HelloWorld.app/www/index.html
2014-04-07 13:21:08.177 HelloWorld[3599:70b] deviceready has not fired after 5 seconds.
2014-04-07 13:21:08.178 HelloWorld[3599:70b] Channel not fired: onDOMContentLoaded
2014-04-07 13:21:08.178 HelloWorld[3599:70b] Received Event: deviceready
Terminating in response to SpringBoard's termination.
2014-04-07 13:21:58.960 HelloWorld[4106:70b] Multi-tasking -> Device: YES, App: YES
2014-04-07 13:21:59.114 HelloWorld[4106:70b] Resetting plugins due to page load.
2014-04-07 13:21:59.397 HelloWorld[4106:70b] Finished load of: file:///Users/youqing/Library/Application%20Support/iPhone%20Simulator/7.1/Applications/8AF3EAEF-7809-46A9-8299-001B29771E7B/HelloWorld.app/www/index.html
2014-04-07 13:21:59.511 HelloWorld[4106:70b] Received Event: deviceready
2014-04-07 13:23:06.815 HelloWorld[4586:70b] Multi-tasking -> Device: YES, App: YES
2014-04-07 13:23:06.913 HelloWorld[4586:70b] Resetting plugins due to page load.
2014-04-07 13:23:07.141 HelloWorld[4586:70b] Finished load of: file:///Users/youqing/Library/Application%20Support/iPhone%20Simulator/7.1/Applications/8AF3EAEF-7809-46A9-8299-001B29771E7B/HelloWorld.app/www/index.html
2014-04-07 13:23:07.165 HelloWorld[4586:70b] Received Event: deviceready
Terminating in response to SpringBoard's termination.
2014-04-07 13:50:23.723 HelloWorld[5158:70b] Multi-tasking -> Device: YES, App: YES
2014-04-07 13:50:23.869 HelloWorld[5158:70b] Resetting plugins due to page load.
2014-04-07 13:50:25.449 HelloWorld[5158:70b] Finished load of: file:///Users/youqing/Library/Application%20Support/iPhone%20Simulator/7.1/Applications/8AF3EAEF-7809-46A9-8299-001B29771E7B/HelloWorld.app/www/index.html
2014-04-07 13:54:18.185 HelloWorld[5653:70b] Multi-tasking -> Device: YES, App: YES
2014-04-07 13:54:18.293 HelloWorld[5653:70b] Resetting plugins due to page load.
2014-04-07 13:54:19.105 HelloWorld[5653:70b] Finished load of: file:///Users/youqing/Library/Application%20Support/iPhone%20Simulator/7.1/Applications/EA623780-4C47-4AC1-8B80-AE35A4E0E33B/HelloWorld.app/www/index.html
2014-04-07 13:56:25.799 HelloWorld[6143:70b] Multi-tasking -> Device: YES, App: YES
2014-04-07 13:56:25.976 HelloWorld[6143:70b] Resetting plugins due to page load.
2014-04-07 13:56:30.558 HelloWorld[6143:70b] Finished load of: file:///Users/youqing/Library/Application%20Support/iPhone%20Simulator/7.1/Applications/EA623780-4C47-4AC1-8B80-AE35A4E0E33B/HelloWorld.app/www/index.html
2014-04-07 13:57:37.617 HelloWorld[6630:70b] Multi-tasking -> Device: YES, App: YES
2014-04-07 13:57:37.712 HelloWorld[6630:70b] Resetting plugins due to page load.
2014-04-07 13:57:37.913 HelloWorld[6630:70b] Finished load of: file:///Users/youqing/Library/Application%20Support/iPhone%20Simulator/7.1/Applications/EA623780-4C47-4AC1-8B80-AE35A4E0E33B/HelloWorld.app/www/index.html
Terminating in response to SpringBoard's termination.
2014-04-07 14:00:14.063 HelloWorld[7152:70b] Multi-tasking -> Device: YES, App: YES
2014-04-07 14:00:14.222 HelloWorld[7152:70b] Resetting plugins due to page load.
2014-04-07 14:00:14.496 HelloWorld[7152:70b] Finished load of: file:///Users/youqing/Library/Application%20Support/iPhone%20Simulator/7.1/Applications/EA623780-4C47-4AC1-8B80-AE35A4E0E33B/HelloWorld.app/www/index.html
2014-04-07 14:03:20.987 HelloWorld[7654:70b] Multi-tasking -> Device: YES, App: YES
2014-04-07 14:03:21.079 HelloWorld[7654:70b] Resetting plugins due to page load.
2014-04-07 14:03:21.305 HelloWorld[7654:70b] Finished load of: file:///Users/youqing/Library/Application%20Support/iPhone%20Simulator/7.1/Applications/EA623780-4C47-4AC1-8B80-AE35A4E0E33B/HelloWorld.app/www/index.html
2014-04-07 14:03:21.325 HelloWorld[7654:70b] Received Event: deviceready
2014-04-07 14:03:24.947 HelloWorld[7654:70b] log1
2014-04-07 14:03:36.614 HelloWorld[7654:70b] log1
2014-04-07 14:04:09.881 HelloWorld[7654:70b] log1
2014-04-07 14:04:10.935 HelloWorld[7654:70b] log1
2014-04-07 14:04:12.204 HelloWorld[7654:70b] log1
Terminating in response to SpringBoard's termination.
2014-04-07 14:06:31.857 HelloWorld[8177:70b] Multi-tasking -> Device: YES, App: YES
2014-04-07 14:06:32.018 HelloWorld[8177:70b] Resetting plugins due to page load.
2014-04-07 14:06:33.245 HelloWorld[8177:70b] Finished load of: file:///Users/youqing/Library/Application%20Support/iPhone%20Simulator/7.1/Applications/EA623780-4C47-4AC1-8B80-AE35A4E0E33B/HelloWorld.app/www/index.html
2014-04-07 14:06:33.264 HelloWorld[8177:70b] Received Event: deviceready
2014-04-07 14:06:38.710 HelloWorld[8177:70b] log1
2014-04-07 14:06:40.614 HelloWorld[8177:70b] log1
2014-04-07 14:06:42.472 HelloWorld[8177:70b] log1
2014-04-07 14:06:45.578 HelloWorld[8177:70b] log1
2014-04-07 14:06:46.488 HelloWorld[8177:70b] log1
2014-04-07 14:06:49.593 HelloWorld[8177:70b] log1
2014-04-07 14:06:50.435 HelloWorld[8177:70b] log1
2014-04-07 14:06:51.105 HelloWorld[8177:70b] log1
2014-04-07 14:06:51.789 HelloWorld[8177:70b] log1
Terminating in response to SpringBoard's termination.
